  Enemy.cpp
C:\Users\hope\Desktop\20210330Winapi\Enemy.cpp(34,40): warning C4244: '인수': 'float'에서 'int'(으)로 변환하면서 데이터가 손실될 수 있습니다.
C:\Users\hope\Desktop\20210330Winapi\Enemy.cpp(34,33): warning C4244: '인수': 'float'에서 'int'(으)로 변환하면서 데이터가 손실될 수 있습니다.
  GameNode.cpp
  main.cpp
C:\Users\hope\Desktop\20210330Winapi\main.cpp(33,50): warning C4302: '형식 캐스트': 'LPSTR'에서 'WORD'(으)로 잘립니다.
C:\Users\hope\Desktop\20210330Winapi\main.cpp(82,16): warning C4244: 'return': 'WPARAM'에서 'int'(으)로 변환하면서 데이터가 손실될 수 있습니다.
  MainGame.cpp
C:\Users\hope\Desktop\20210330Winapi\MainGame.cpp(13,12): warning C4244: '인수': 'time_t'에서 'unsigned int'(으)로 변환하면서 데이터가 손실될 수 있습니다.
C:\Users\hope\Desktop\20210330Winapi\MainGame.cpp(21,22): warning C4244: '=': 'int'에서 'float'(으)로 변환하면서 데이터가 손실될 수 있습니다.
C:\Users\hope\Desktop\20210330Winapi\MainGame.cpp(22,22): warning C4244: '=': 'int'에서 'float'(으)로 변환하면서 데이터가 손실될 수 있습니다.
C:\Users\hope\Desktop\20210330Winapi\MainGame.cpp(72,75): warning C4267: '인수': 'size_t'에서 'int'(으)로 변환하면서 데이터가 손실될 수 있습니다.
C:\Users\hope\Desktop\20210330Winapi\MainGame.cpp(75,46): warning C4267: '인수': 'size_t'에서 'int'(으)로 변환하면서 데이터가 손실될 수 있습니다.
C:\Users\hope\Desktop\20210330Winapi\MainGame.cpp(77,46): warning C4267: '인수': 'size_t'에서 'int'(으)로 변환하면서 데이터가 손실될 수 있습니다.
C:\Users\hope\Desktop\20210330Winapi\MainGame.cpp(79,45): warning C4267: '인수': 'size_t'에서 'int'(으)로 변환하면서 데이터가 손실될 수 있습니다.
C:\Users\hope\Desktop\20210330Winapi\MainGame.cpp(141,6): warning C4101: 'closeDistIndex' :참조되지 않은 지역 변수입니다.
  Missile.cpp
C:\Users\hope\Desktop\20210330Winapi\Missile.cpp(64,21): warning C4244: '=': 'float'에서 'LONG'(으)로 변환하면서 데이터가 손실될 수 있습니다.
C:\Users\hope\Desktop\20210330Winapi\Missile.cpp(65,20): warning C4244: '=': 'float'에서 'LONG'(으)로 변환하면서 데이터가 손실될 수 있습니다.
C:\Users\hope\Desktop\20210330Winapi\Missile.cpp(66,22): warning C4244: '=': 'float'에서 'LONG'(으)로 변환하면서 데이터가 손실될 수 있습니다.
C:\Users\hope\Desktop\20210330Winapi\Missile.cpp(67,23): warning C4244: '=': 'float'에서 'LONG'(으)로 변환하면서 데이터가 손실될 수 있습니다.
  Tank.cpp
C:\Users\hope\Desktop\20210330Winapi\Tank.cpp(12,36): warning C4244: '인수': 'float'에서 'int'(으)로 변환하면서 데이터가 손실될 수 있습니다.
C:\Users\hope\Desktop\20210330Winapi\Tank.cpp(12,29): warning C4244: '인수': 'float'에서 'int'(으)로 변환하면서 데이터가 손실될 수 있습니다.
C:\Users\hope\Desktop\20210330Winapi\Tank.cpp(76,26): warning C4244: '인수': 'float'에서 'int'(으)로 변환하면서 데이터가 손실될 수 있습니다.
C:\Users\hope\Desktop\20210330Winapi\Tank.cpp(76,19): warning C4244: '인수': 'float'에서 'int'(으)로 변환하면서 데이터가 손실될 수 있습니다.
C:\Users\hope\Desktop\20210330Winapi\Tank.cpp(77,36): warning C4244: '인수': 'float'에서 'int'(으)로 변환하면서 데이터가 손실될 수 있습니다.
C:\Users\hope\Desktop\20210330Winapi\Tank.cpp(77,23): warning C4244: '인수': 'float'에서 'int'(으)로 변환하면서 데이터가 손실될 수 있습니다.
  코드를 생성하고 있습니다...
  20210326_winapi_tank_RE.vcxproj -> C:\Users\hope\Desktop\20210330Winapi\x64\Debug\20210326_winapi_tank_RE.exe
